<?xml version="1.0" encoding="UTF-8"?>
<testng-results skipped="0" failed="0" ignored="0" total="1" passed="1">
  <reporter-output>
  </reporter-output>
  <suite name="Default suite" duration-ms="632" started-at="2018-12-07T10:02:38Z" finished-at="2018-12-07T10:02:39Z">
    <groups>
    </groups>
    <test name="Default test" duration-ms="632" started-at="2018-12-07T10:02:38Z" finished-at="2018-12-07T10:02:39Z">
      <class name="whandles.excelReader">
        <test-method status="PASS" signature="readExcel()[pri:0, instance:whandles.excelReader@6d4b1c02]" name="readExcel" duration-ms="598" started-at="2018-12-07T10:02:39Z" finished-at="2018-12-07T10:02:39Z">
          <reporter-output>
          </reporter-output>
        </test-method> <!-- readExcel -->
      </class> <!-- whandles.excelReader -->
    </test> <!-- Default test -->
  </suite> <!-- Default suite -->
</testng-results>
